// Created    : 2023-06-08 09:28:35
// Executable : c:\program files (x86)\dhi\mike zero\2023\bin\x64\dataextractionfm.exe
// Version    : 21.0.0.16308


======================= Computing Environment ========================
  Local machine name              : MJI-CPE
  Number of subdomains            : 1
  Local subdomain id              : -1
  Specified threads per subdomain : 1
======================================================================


======================================================================
Target: DataExtractionFM



  Section: INPUT -----------------------------------------------------
      file_name : \\10.0.0.33\New folder (D)\P51624_long_term_Wave\Wave Model\SIM\2009_Original\2009-CC2050(org).sw - Result Files\2009-AilaCC2050org.dfsu
------------------------- Data File Summary --------------------------
  Creator: 
  File   : \\10.0.0.33\New folder (D)\P51624_long_term_Wave\Wave Model\SIM\2009_Original\2009-CC2050(org).sw - Result Files\2009-AilaCC2050org.dfsu
  Title  : Area

  Start date  Start time  Sets   Interval  Unit
  2009-05-23    15:00:00   151       1800  second

  Static items:
  Item name            Item type               Minimum    Maximum Unit
  Node id              Grid Codes                    1     120902 Integer
  X-coord              Geographical coordin -336742.36 986858.811 meter
  Y-coord              Geographical coordin -243965.84 576206.267 meter
  Z-coord              Item geometry 3-dime -3229.8522  99.747978 meter
  Code                 Grid Codes                    0         27 Integer
  Element id           Grid Codes                    1     138379 Integer
  Element type         Grid Codes                   21         25 Integer
  No of nodes          Grid Codes                    3          4 Integer
  Connectivity         Grid Codes                    1     120902 Integer

  Dynamic items:
  Item name            Item type               Minimum    Maximum Unit
  Sign. Wave Height    Significant wave hei          0  11.467895 meter
  Max. Wave Height     Maximum wave height    0.008199  21.373093 meter
  Peak Wave Period     Wave period             2.53814  15.469831 second
  Wave Period, T02     Wave period            1.933258  10.043856 second
  Peak Wave Direction  Wave direction         0.000108   6.283117 radian
  Mean Wave Direction  Mean Wave Direction    0.000664 359.999908 degree
  x-comp. of wave heig u-velocity component  -7.667281   6.756846 meter/sec
  y-comp. of wave heig v-velocity component  -6.305915  10.828246 meter/sec
  Surface elevation    Surface Elevation     -2.165606   4.661297 meter
  Wind speed           Wind speed                    0  30.414013 meter/sec
  Wind direction       Wind Direction          0.00046  359.99826 degree
----------------------------------------------------------------------


========================== Mesh information ==========================
  Number of elements         : 138379
  Number of faces            : 0
  Number of nodes            : 120902
  Number of sections         : 0
  Min x-coordinate (m)       : -336742.36
  Max x-coordinate (m)       : 986858.811
  Min y-coordinate (m)       : -243965.84
  Max y-coordinate (m)       : 576206.267
  Min z-coordinate (m)       : -3229.8522
  Max z-coordinate (m)       : 99.747978
======================================================================


  Section: OUTPUTS ---------------------------------------------------
      number_of_outputs : 1


    Section: OUTPUT_1 ------------------------------------------------
        include : 1
        file_name : G:\MJI\SKZ\Script\Storm Surge Data Extrcation from DFS0 File\Teknaf_Data_Extraction\Wave\Output\2009-AilaCC2050org\Teknaf_2009-AilaCC2050org_.dfs0
        title : Teknaf
        type : 1
        format : 0
        delete_value : 1.E-35 (default)
        flood_and_dry : 2
        precision : 2 (default)
        use_end_time : 0 (default)
        first_time_step : 0
        last_time_step : 150
        time_step_frequency : 1
        number_of_variables : 0 (default)
        interpolation_type : 2
        interpolation_subtype : 1 (default)


      Section: PARAMETERS_2D -----------------------------------------
          item_1 : 1
          item_2 : 0
          item_3 : 1
          item_4 : 0
          item_5 : 0
          item_6 : 0
          item_7 : 0
          item_8 : 0
          item_9 : 0
          item_10 : 0
          item_11 : 0
        coordinate_type : BTM
        input_format : 1
        number_of_points : 1


      Section: POINT_1 -----------------------------------------------
          name : Point 1
          x : 742922
          y : 296337


====================== Point Output Information ======================

  Element  Domain           x (m)           y (m)           z (m)

    40704       1  0.74292200E+06  0.29633700E+06 -0.13235564E+00
======================================================================


========================= Output Statistics ==========================
 
------------------------- Data File Summary --------------------------
  Creator: 
  File   : G:\MJI\SKZ\Script\Storm Surge Data Extrcation from DFS0 File\Teknaf_Data_Extraction\Wave\Output\2009-AilaCC2050org\Teknaf_2009-AilaCC2050org_.dfs0
  Title  : Teknaf

  Start date  Start time  Sets   Interval  Unit
  2009-05-23    15:00:00   151       1800  second

  Dynamic items:
  Item name            Item type               Minimum    Maximum Unit
  Point 1: Sign. Wave  Significant wave hei   0.029986   1.169575 meter
  Point 1: Peak Wave P Wave period             2.53814   8.244022 second
----------------------------------------------------------------------
 
======================================================================


========================== Overall Timings ===========================
  ------------------------------------------------------------------
  Task                                      CPU time    Elapsed time
  ------------------------------------------------------------------
  Read data                                     0.09            2.97
  Write data                                    0.03            0.01
  ------------------------------------------------------------------
  Total                                         0.77            3.82
  ------------------------------------------------------------------
======================================================================


============================ Memory Usage ============================
  Peak memory usage (MB)                                      119.20
======================================================================


========================== Parallelization ===========================
  Number of threads per subdomain : 1
  Number of subdomains            : 1
======================================================================
 
  Number of warnings: 0
 
  Normal run completion
