// Created    : 2023-06-08 09:27:15
// Executable : c:\program files (x86)\dhi\mike zero\2023\bin\x64\dataextractionfm.exe
// Version    : 21.0.0.16308


======================= Computing Environment ========================
  Local machine name              : MJI-CPE
  Number of subdomains            : 1
  Local subdomain id              : -1
  Specified threads per subdomain : 1
======================================================================


======================================================================
Target: DataExtractionFM



  Section: INPUT -----------------------------------------------------
      file_name : \\10.0.0.33\New folder (D)\P51624_long_term_Wave\Wave Model\SIM\1991\1991_CC2050(org).sw - Result Files\1991_CC2050org.dfsu
------------------------- Data File Summary --------------------------
  Creator: 
  File   : \\10.0.0.33\New folder (D)\P51624_long_term_Wave\Wave Model\SIM\1991\1991_CC2050(org).sw - Result Files\1991_CC2050org.dfsu
  Title  : Area

  Start date  Start time  Sets   Interval  Unit
  1991-04-26    12:00:00   205       1800  second

  Static items:
  Item name            Item type               Minimum    Maximum Unit
  Node id              Grid Codes                    1     139716 Integer
  X-coord              Geographical coordin -337975.69 986858.811 meter
  Y-coord              Geographical coordin -247237.64 576175.268 meter
  Z-coord              Item geometry 3-dime -3299.7360  99.747978 meter
  Code                 Grid Codes                    0         27 Integer
  Element id           Grid Codes                    1     156223 Integer
  Element type         Grid Codes                   21         25 Integer
  No of nodes          Grid Codes                    3          4 Integer
  Connectivity         Grid Codes                    1     139716 Integer

  Dynamic items:
  Item name            Item type               Minimum    Maximum Unit
  Sign. Wave Height    Significant wave hei          0  18.134047 meter
  Max. Wave Height     Maximum wave height    0.008128  33.302769 meter
  Peak Wave Period     Wave period             2.53814         25 second
  Wave Period, T02     Wave period            1.933368  12.843243 second
  Peak Wave Direction  Wave direction       1.2864E-07   6.283185 radian
  Mean Wave Direction  Mean Wave Direction    0.000077        360 degree
  x-comp. of wave heig u-velocity component -13.260246  13.926841 meter/sec
  y-comp. of wave heig v-velocity component -11.081174  17.984398 meter/sec
  Surface elevation    Surface Elevation     -2.749369   6.799469 meter
  Wind speed           Wind speed                    0  57.339561 meter/sec
  Wind direction       Wind Direction         0.000015 359.999908 degree
----------------------------------------------------------------------


========================== Mesh information ==========================
  Number of elements         : 156223
  Number of faces            : 0
  Number of nodes            : 139716
  Number of sections         : 0
  Min x-coordinate (m)       : -337975.69
  Max x-coordinate (m)       : 986858.811
  Min y-coordinate (m)       : -247237.64
  Max y-coordinate (m)       : 576175.268
  Min z-coordinate (m)       : -3299.7360
  Max z-coordinate (m)       : 99.747978
======================================================================


  Section: OUTPUTS ---------------------------------------------------
      number_of_outputs : 1


    Section: OUTPUT_1 ------------------------------------------------
        include : 1
        file_name : G:\MJI\SKZ\Script\Storm Surge Data Extrcation from DFS0 File\Teknaf_Data_Extraction\Wave\Output\1991_CC2050org\Teknaf_1991_CC2050org_.dfs0
        title : Teknaf
        type : 1
        format : 0
        delete_value : 1.E-35 (default)
        flood_and_dry : 2
        precision : 2 (default)
        use_end_time : 0 (default)
        first_time_step : 0
        last_time_step : 204
        time_step_frequency : 1
        number_of_variables : 0 (default)
        interpolation_type : 2
        interpolation_subtype : 1 (default)


      Section: PARAMETERS_2D -----------------------------------------
          item_1 : 1
          item_2 : 0
          item_3 : 1
          item_4 : 0
          item_5 : 0
          item_6 : 0
          item_7 : 0
          item_8 : 0
          item_9 : 0
          item_10 : 0
          item_11 : 0
        coordinate_type : BTM
        input_format : 1
        number_of_points : 1


      Section: POINT_1 -----------------------------------------------
          name : Point 1
          x : 742922
          y : 296337


====================== Point Output Information ======================

  Element  Domain           x (m)           y (m)           z (m)

    11143       1  0.74292200E+06  0.29633700E+06 -0.78921243E+00
======================================================================


========================= Output Statistics ==========================
 
------------------------- Data File Summary --------------------------
  Creator: 
  File   : G:\MJI\SKZ\Script\Storm Surge Data Extrcation from DFS0 File\Teknaf_Data_Extraction\Wave\Output\1991_CC2050org\Teknaf_1991_CC2050org_.dfs0
  Title  : Teknaf

  Start date  Start time  Sets   Interval  Unit
  1991-04-26    12:00:00   205       1800  second

  Dynamic items:
  Item name            Item type               Minimum    Maximum Unit
  Point 1: Sign. Wave  Significant wave hei   0.018191   1.724643 meter
  Point 1: Peak Wave P Wave period             2.53814  18.024961 second
----------------------------------------------------------------------
 
======================================================================


========================== Overall Timings ===========================
  ------------------------------------------------------------------
  Task                                      CPU time    Elapsed time
  ------------------------------------------------------------------
  Read data                                     0.23            4.82
  Write data                                    0.00            0.01
  ------------------------------------------------------------------
  Total                                         1.09            5.85
  ------------------------------------------------------------------
======================================================================


============================ Memory Usage ============================
  Peak memory usage (MB)                                      128.37
======================================================================


========================== Parallelization ===========================
  Number of threads per subdomain : 1
  Number of subdomains            : 1
======================================================================
 
  Number of warnings: 0
 
  Normal run completion
