// Created    : 2023-06-08 09:28:05
// Executable : c:\program files (x86)\dhi\mike zero\2023\bin\x64\dataextractionfm.exe
// Version    : 21.0.0.16308


======================= Computing Environment ========================
  Local machine name              : MJI-CPE
  Number of subdomains            : 1
  Local subdomain id              : -1
  Specified threads per subdomain : 1
======================================================================


======================================================================
Target: DataExtractionFM



  Section: INPUT -----------------------------------------------------
      file_name : \\10.0.0.33\New folder (D)\P51624_long_term_Wave\Wave Model\SIM\1998_Original\1998-LT-original.sw - Result Files\1998.dfsu
------------------------- Data File Summary --------------------------
  Creator: 
  File   : \\10.0.0.33\New folder (D)\P51624_long_term_Wave\Wave Model\SIM\1998_Original\1998-LT-original.sw - Result Files\1998.dfsu
  Title  : Area

  Start date  Start time  Sets   Interval  Unit
  1998-05-17    12:00:00   217       1800  second

  Static items:
  Item name            Item type               Minimum    Maximum Unit
  Node id              Grid Codes                    1     139716 Integer
  X-coord              Geographical coordin -337975.69 986858.811 meter
  Y-coord              Geographical coordin -247237.64 576175.268 meter
  Z-coord              Item geometry 3-dime -3299.7360  99.747978 meter
  Code                 Grid Codes                    0         27 Integer
  Element id           Grid Codes                    1     156223 Integer
  Element type         Grid Codes                   21         25 Integer
  No of nodes          Grid Codes                    3          4 Integer
  Connectivity         Grid Codes                    1     139716 Integer

  Dynamic items:
  Item name            Item type               Minimum    Maximum Unit
  Sign. Wave Height    Significant wave hei          0  11.750244 meter
  Max. Wave Height     Maximum wave height    0.008173  21.909992 meter
  Peak Wave Period     Wave period             2.53814         25 second
  Wave Period, T02     Wave period            1.933252  10.174682 second
  Peak Wave Direction  Wave direction       8.9248E-07   6.283185 radian
  Mean Wave Direction  Mean Wave Direction    0.000003        360 degree
  x-comp. of wave heig u-velocity component  -7.905759    9.84725 meter/sec
  y-comp. of wave heig v-velocity component  -6.920516  11.135066 meter/sec
  Surface elevation    Surface Elevation     -2.992293   7.213591 meter
  Wind speed           Wind speed                    0  37.178181 meter/sec
  Wind direction       Wind Direction         0.000009        360 degree
  Time step factor     Time step factor              1         32 ()
----------------------------------------------------------------------


========================== Mesh information ==========================
  Number of elements         : 156223
  Number of faces            : 0
  Number of nodes            : 139716
  Number of sections         : 0
  Min x-coordinate (m)       : -337975.69
  Max x-coordinate (m)       : 986858.811
  Min y-coordinate (m)       : -247237.64
  Max y-coordinate (m)       : 576175.268
  Min z-coordinate (m)       : -3299.7360
  Max z-coordinate (m)       : 99.747978
======================================================================


  Section: OUTPUTS ---------------------------------------------------
      number_of_outputs : 1


    Section: OUTPUT_1 ------------------------------------------------
        include : 1
        file_name : G:\MJI\SKZ\Script\Storm Surge Data Extrcation from DFS0 File\Teknaf_Data_Extraction\Wave\Output\1998\Teknaf_1998_.dfs0
        title : Teknaf
        type : 1
        format : 0
        delete_value : 1.E-35 (default)
        flood_and_dry : 2
        precision : 2 (default)
        use_end_time : 0 (default)
        first_time_step : 0
        last_time_step : 216
        time_step_frequency : 1
        number_of_variables : 0 (default)
        interpolation_type : 2
        interpolation_subtype : 1 (default)


      Section: PARAMETERS_2D -----------------------------------------
          item_1 : 1
          item_2 : 0
          item_3 : 1
          item_4 : 0
          item_5 : 0
          item_6 : 0
          item_7 : 0
          item_8 : 0
          item_9 : 0
          item_10 : 0
          item_11 : 0
          item_12 : 0
        coordinate_type : BTM
        input_format : 1
        number_of_points : 1


      Section: POINT_1 -----------------------------------------------
          name : Point 1
          x : 742922
          y : 296337


====================== Point Output Information ======================

  Element  Domain           x (m)           y (m)           z (m)

    11143       1  0.74292200E+06  0.29633700E+06 -0.78921243E+00
======================================================================


========================= Output Statistics ==========================
 
------------------------- Data File Summary --------------------------
  Creator: 
  File   : G:\MJI\SKZ\Script\Storm Surge Data Extrcation from DFS0 File\Teknaf_Data_Extraction\Wave\Output\1998\Teknaf_1998_.dfs0
  Title  : Teknaf

  Start date  Start time  Sets   Interval  Unit
  1998-05-17    12:00:00   217       1800  second

  Dynamic items:
  Item name            Item type               Minimum    Maximum Unit
  Point 1: Sign. Wave  Significant wave hei   0.056394   1.224391 meter
  Point 1: Peak Wave P Wave period             2.53814   8.580171 second
----------------------------------------------------------------------
 
======================================================================


========================== Overall Timings ===========================
  ------------------------------------------------------------------
  Task                                      CPU time    Elapsed time
  ------------------------------------------------------------------
  Read data                                     0.12            5.46
  Write data                                    0.00            0.01
  ------------------------------------------------------------------
  Total                                         0.98            6.55
  ------------------------------------------------------------------
======================================================================


============================ Memory Usage ============================
  Peak memory usage (MB)                                      129.59
======================================================================


========================== Parallelization ===========================
  Number of threads per subdomain : 1
  Number of subdomains            : 1
======================================================================
 
  Number of warnings: 0
 
  Normal run completion
